<?xml version="1.0" encoding="UTF-8"?>
<!-- Generated by org.testng.reporters.JUnitReportReporter -->
<testsuite hostname="LAPTOP-3O21V2C5" failures="0" tests="8" name="com.luma.LumaTest.CreateNewCustomerAccountTest" time="16.786" errors="0" timestamp="2025-02-07T18:46:50 IST" skipped="1">
  <testcase classname="com.luma.LumaTest.CreateNewCustomerAccountTest" name="customerNewAccountUrlValidation" time="2.572"/>
  <testcase classname="com.luma.LumaTest.CreateNewCustomerAccountTest" name="invalidNewAccountCredentials" time="3.217"/>
  <testcase classname="com.luma.LumaTest.CreateNewCustomerAccountTest" name="externalDataNewAccountCredentials" time="5.053"/>
  <testcase classname="com.luma.LumaTest.CreateNewCustomerAccountTest" name="externalDataNewAccountCredentials" time="1.148"/>
  <testcase classname="com.luma.LumaTest.CreateNewCustomerAccountTest" name="externalDataNewAccountCredentials" time="0.873"/>
  <testcase classname="com.luma.LumaTest.CreateNewCustomerAccountTest" name="externalDataNewAccountCredentials" time="3.029"/>
  <testcase classname="com.luma.LumaTest.CreateNewCustomerAccountTest" name="externalDataNewAccountCredentials" time="0.894"/>
  <testcase classname="com.luma.LumaTest.CreateNewCustomerAccountTest" name="validNewAccountCredentials">
    <skipped/>
  </testcase> <!-- validNewAccountCredentials -->
</testsuite> <!-- com.luma.LumaTest.CreateNewCustomerAccountTest -->
