<?xml version="1.0" encoding="UTF-8"?>
<!-- Generated by org.testng.reporters.JUnitReportReporter -->
<testsuite hostname="LAPTOP-3O21V2C5" failures="0" tests="5" name="miscellaneous.TestRunner" time="0.015" errors="0" timestamp="2025-02-06T15:56:13 IST" skipped="0">
  <testcase classname="miscellaneous.TestRunner" name="printDataTest" time="0.001"/>
  <testcase classname="miscellaneous.TestRunner" name="printDataTest" time="0.002"/>
  <testcase classname="miscellaneous.TestRunner" name="printDataTest" time="0.001"/>
  <testcase classname="miscellaneous.TestRunner" name="printDataTest" time="0.009"/>
  <testcase classname="miscellaneous.TestRunner" name="printDataTest" time="0.002"/>
</testsuite> <!-- miscellaneous.TestRunner -->
